<?xml version="1.0" encoding="UTF-8"?>
<!-- Generated by org.testng.reporters.JUnitXMLReporter -->
<testsuite ignored="6" hostname="DESKTOP-57AN5QL" failures="0" tests="4" name="Test" time="0.188" errors="0" timestamp="2023-12-16T09:31:07 IST">
  <testcase classname="Tpack.ClassThree" name="testThree" time="0.023"/>
  <testcase classname="Opak.ClassSix" name="testSix" time="0.005"/>
  <testcase classname="Tpack.ClassOne" name="testOneB" time="0.01"/>
  <testcase classname="Tpack.ClassOne" name="testOneC" time="0.006"/>
  <testcase classname="Kpak.ClassSeven" name="testSeven" time="0.0">
    <ignored/>
  </testcase> <!-- testSeven -->
  <testcase classname="Opak.ClassFive" name="testFive" time="0.0">
    <ignored/>
  </testcase> <!-- testFive -->
  <testcase classname="Opak.ClassFour" name="testThree" time="0.0">
    <ignored/>
  </testcase> <!-- testThree -->
  <testcase classname="Tpack.ClassOne" name="testOneD" time="0.0">
    <ignored/>
  </testcase> <!-- testOneD -->
  <testcase classname="Tpack.ClassOne" name="testOneA" time="0.0">
    <ignored/>
  </testcase> <!-- testOneA -->
  <testcase classname="Tpack.ClassTwo" name="testTwo" time="0.0">
    <ignored/>
  </testcase> <!-- testTwo -->
</testsuite> <!-- Test -->
